Build started 1/17/2015 11:03:06 AM.
     1>Project "C:\Users\Dragonai\Documents\GitHub\StereoWidthController\Builds\VisualStudio2010\StereoWidthController.vcxproj" on node 2 (build target(s)).
     1>InitializeBuildStatus:
         Touching "Debug\StereoWidthController.unsuccessfulbuild".
       ClCompile:
         C:\Program Files (x86)\Microsoft Visual Studio 10.0\VC\bin\CL.exe /c /I..\..\JuceLibraryCode /I..\..\..\..\..\..\..\juce\modules /I"c:\SDKs\VST3 SDK" /I..\..\Source\StereoWidthController /ZI /nologo /W4 /WX- /MP /Od /Oy- /D WIN32 /D _WINDOWS /D DEBUG /D _DEBUG /D JUCER_VS2010_78A501D=1 /D JUCE_APP_VERSION=1.0.0 /D JUCE_APP_VERSION_HEX=0x10000 /D _WINDLL /Gm- /EHsc /MDd /GS /fp:precise /Zc:wchar_t /Zc:forScope /GR /Fo"Debug\\" /Fd"Debug\\vc100.pdb" /Gd /TP /analyze- /errorReport:prompt ..\..\Source\PluginProcessor.cpp ..\..\Source\PluginEditor.cpp
         PluginProcessor.cpp
         PluginEditor.cpp
     1>c:\users\dragonai\documents\github\stereowidthcontroller\source\pluginprocessor.h(78): error C2146: syntax error : missing ';' before identifier 'mWidthControl'
     1>c:\users\dragonai\documents\github\stereowidthcontroller\source\pluginprocessor.h(78): error C4430: missing type specifier - int assumed. Note: C++ does not support default-int
     1>c:\users\dragonai\documents\github\stereowidthcontroller\source\pluginprocessor.h(78): error C4430: missing type specifier - int assumed. Note: C++ does not support default-int
     1>c:\users\dragonai\documents\github\stereowidthcontroller\source\pluginprocessor.h(78): error C2146: syntax error : missing ';' before identifier 'mWidthControl'
     1>c:\users\dragonai\documents\github\stereowidthcontroller\source\pluginprocessor.h(78): error C4430: missing type specifier - int assumed. Note: C++ does not support default-int
     1>c:\users\dragonai\documents\github\stereowidthcontroller\source\pluginprocessor.h(78): error C4430: missing type specifier - int assumed. Note: C++ does not support default-int
     1>c:\users\dragonai\documents\github\stereowidthcontroller\source\pluginprocessor.cpp(20): error C2065: 'mWidthControl' : undeclared identifier
     1>c:\users\dragonai\documents\github\stereowidthcontroller\source\pluginprocessor.cpp(20): error C2228: left of '.SetWidth' must have class/struct/union
                 type is ''unknown-type''
     1>c:\users\dragonai\documents\github\stereowidthcontroller\source\pluginprocessor.cpp(46): error C2065: 'mWidthControl' : undeclared identifier
     1>c:\users\dragonai\documents\github\stereowidthcontroller\source\pluginprocessor.cpp(46): error C2228: left of '.Getwidth' must have class/struct/union
                 type is ''unknown-type''
     1>c:\users\dragonai\documents\github\stereowidthcontroller\source\pluginprocessor.cpp(61): error C2065: 'mWidthControl' : undeclared identifier
     1>c:\users\dragonai\documents\github\stereowidthcontroller\source\pluginprocessor.cpp(61): error C2228: left of '.SetWidth' must have class/struct/union
                 type is ''unknown-type''
     1>c:\users\dragonai\documents\github\stereowidthcontroller\source\pluginprocessor.cpp(182): error C2065: 'mWidthControl' : undeclared identifier
     1>c:\users\dragonai\documents\github\stereowidthcontroller\source\pluginprocessor.cpp(182): error C2228: left of '.ClockProcess' must have class/struct/union
                 type is ''unknown-type''
     1>c:\users\dragonai\documents\github\stereowidthcontroller\source\pluginprocessor.cpp(194): error C2061: syntax error : identifier 'StereoWidthControllerAudioProcessorEditor'
     1>c:\users\dragonai\documents\github\stereowidthcontroller\source\plugineditor.cpp(132): error C2143: syntax error : missing ';' before '}'
     1>Done Building Project "C:\Users\Dragonai\Documents\GitHub\StereoWidthController\Builds\VisualStudio2010\StereoWidthController.vcxproj" (build target(s)) -- FAILED.

Build FAILED.

Time Elapsed 00:00:04.16
