C:\Users\Dragonai\Documents\GitHub\StereoWidthController\Builds\VisualStudio2010\Debug\CL.11100.read.1.tlog
C:\Users\Dragonai\Documents\GitHub\StereoWidthController\Builds\VisualStudio2010\Debug\CL.11100.write.1.tlog
C:\Users\Dragonai\Documents\GitHub\StereoWidthController\Builds\VisualStudio2010\Debug\CL.12204.read.1.tlog
C:\Users\Dragonai\Documents\GitHub\StereoWidthController\Builds\VisualStudio2010\Debug\CL.12204.write.1.tlog
C:\Users\Dragonai\Documents\GitHub\StereoWidthController\Builds\VisualStudio2010\Debug\CL.12208.read.1.tlog
C:\Users\Dragonai\Documents\GitHub\StereoWidthController\Builds\VisualStudio2010\Debug\CL.12208.write.1.tlog
C:\Users\Dragonai\Documents\GitHub\StereoWidthController\Builds\VisualStudio2010\Debug\CL.12236.read.1.tlog
C:\Users\Dragonai\Documents\GitHub\StereoWidthController\Builds\VisualStudio2010\Debug\CL.12236.write.1.tlog
C:\Users\Dragonai\Documents\GitHub\StereoWidthController\Builds\VisualStudio2010\Debug\CL.12800.read.1.tlog
C:\Users\Dragonai\Documents\GitHub\StereoWidthController\Builds\VisualStudio2010\Debug\CL.12800.write.1.tlog
C:\Users\Dragonai\Documents\GitHub\StereoWidthController\Builds\VisualStudio2010\Debug\CL.13228.read.1.tlog
C:\Users\Dragonai\Documents\GitHub\StereoWidthController\Builds\VisualStudio2010\Debug\CL.13228.write.1.tlog
C:\Users\Dragonai\Documents\GitHub\StereoWidthController\Builds\VisualStudio2010\Debug\CL.8432.read.1.tlog
C:\Users\Dragonai\Documents\GitHub\StereoWidthController\Builds\VisualStudio2010\Debug\CL.8432.write.1.tlog
C:\Users\Dragonai\Documents\GitHub\StereoWidthController\Builds\VisualStudio2010\Debug\CL.9756.read.1.tlog
C:\Users\Dragonai\Documents\GitHub\StereoWidthController\Builds\VisualStudio2010\Debug\CL.9756.write.1.tlog
C:\Users\Dragonai\Documents\GitHub\StereoWidthController\Builds\VisualStudio2010\Debug\cl.command.1.tlog
C:\Users\Dragonai\Documents\GitHub\StereoWidthController\Builds\VisualStudio2010\Debug\CL.read.1.tlog
C:\Users\Dragonai\Documents\GitHub\StereoWidthController\Builds\VisualStudio2010\Debug\cl.write.1.tlog
C:\USERS\DRAGONAI\DOCUMENTS\GITHUB\STEREOWIDTHCONTROLLER\BUILDS\VISUALSTUDIO2010\DEBUG\JUCE_AAX_WRAPPER.OBJ
C:\USERS\DRAGONAI\DOCUMENTS\GITHUB\STEREOWIDTHCONTROLLER\BUILDS\VISUALSTUDIO2010\DEBUG\JUCE_AUDIO_BASICS.OBJ
C:\USERS\DRAGONAI\DOCUMENTS\GITHUB\STEREOWIDTHCONTROLLER\BUILDS\VISUALSTUDIO2010\DEBUG\JUCE_AUDIO_DEVICES.OBJ
C:\USERS\DRAGONAI\DOCUMENTS\GITHUB\STEREOWIDTHCONTROLLER\BUILDS\VISUALSTUDIO2010\DEBUG\JUCE_AUDIO_FORMATS.OBJ
C:\USERS\DRAGONAI\DOCUMENTS\GITHUB\STEREOWIDTHCONTROLLER\BUILDS\VISUALSTUDIO2010\DEBUG\JUCE_AUDIO_PROCESSORS.OBJ
C:\USERS\DRAGONAI\DOCUMENTS\GITHUB\STEREOWIDTHCONTROLLER\BUILDS\VISUALSTUDIO2010\DEBUG\JUCE_CORE.OBJ
C:\USERS\DRAGONAI\DOCUMENTS\GITHUB\STEREOWIDTHCONTROLLER\BUILDS\VISUALSTUDIO2010\DEBUG\JUCE_CRYPTOGRAPHY.OBJ
C:\USERS\DRAGONAI\DOCUMENTS\GITHUB\STEREOWIDTHCONTROLLER\BUILDS\VISUALSTUDIO2010\DEBUG\JUCE_DATA_STRUCTURES.OBJ
C:\USERS\DRAGONAI\DOCUMENTS\GITHUB\STEREOWIDTHCONTROLLER\BUILDS\VISUALSTUDIO2010\DEBUG\JUCE_EVENTS.OBJ
C:\USERS\DRAGONAI\DOCUMENTS\GITHUB\STEREOWIDTHCONTROLLER\BUILDS\VISUALSTUDIO2010\DEBUG\JUCE_GRAPHICS.OBJ
C:\USERS\DRAGONAI\DOCUMENTS\GITHUB\STEREOWIDTHCONTROLLER\BUILDS\VISUALSTUDIO2010\DEBUG\JUCE_GUI_BASICS.OBJ
C:\USERS\DRAGONAI\DOCUMENTS\GITHUB\STEREOWIDTHCONTROLLER\BUILDS\VISUALSTUDIO2010\DEBUG\JUCE_GUI_EXTRA.OBJ
C:\USERS\DRAGONAI\DOCUMENTS\GITHUB\STEREOWIDTHCONTROLLER\BUILDS\VISUALSTUDIO2010\DEBUG\JUCE_OPENGL.OBJ
C:\USERS\DRAGONAI\DOCUMENTS\GITHUB\STEREOWIDTHCONTROLLER\BUILDS\VISUALSTUDIO2010\DEBUG\JUCE_PLUGINUTILITIES.OBJ
C:\USERS\DRAGONAI\DOCUMENTS\GITHUB\STEREOWIDTHCONTROLLER\BUILDS\VISUALSTUDIO2010\DEBUG\JUCE_VIDEO.OBJ
C:\USERS\DRAGONAI\DOCUMENTS\GITHUB\STEREOWIDTHCONTROLLER\BUILDS\VISUALSTUDIO2010\DEBUG\JUCE_VST_WRAPPER.OBJ
C:\USERS\DRAGONAI\DOCUMENTS\GITHUB\STEREOWIDTHCONTROLLER\BUILDS\VISUALSTUDIO2010\DEBUG\JUCE_VST3_WRAPPER.OBJ
C:\USERS\DRAGONAI\DOCUMENTS\GITHUB\STEREOWIDTHCONTROLLER\BUILDS\VISUALSTUDIO2010\DEBUG\PLUGINEDITOR.OBJ
C:\USERS\DRAGONAI\DOCUMENTS\GITHUB\STEREOWIDTHCONTROLLER\BUILDS\VISUALSTUDIO2010\DEBUG\STEREOWIDTHCONTROLLER.OBJ
C:\Users\Dragonai\Documents\GitHub\StereoWidthController\Builds\VisualStudio2010\Debug\StereoWidthController.vcxprojResolveAssemblyReference.cache
C:\Users\Dragonai\Documents\GitHub\StereoWidthController\Builds\VisualStudio2010\Debug\StereoWidthController.write.1.tlog
C:\Users\Dragonai\Documents\GitHub\StereoWidthController\Builds\VisualStudio2010\Debug\vc100.idb
C:\Users\Dragonai\Documents\GitHub\StereoWidthController\Builds\VisualStudio2010\Debug\vc100.pdb
C:\Users\Dragonai\Documents\GitHub\StereoWidthController\Builds\VisualStudio2010\Debug\vc120.idb
C:\Users\Dragonai\Documents\GitHub\StereoWidthController\Builds\VisualStudio2010\Debug\vc120.pdb
